[2014-07-24 12:40:44] START
[2014-07-24 12:45:33] EDIT finance/models/db.py: -24
[2014-07-24 13:11:04] EDIT finance/views/default/index.html: -31
[2014-07-24 13:12:13] EDIT finance/controllers/default.py: -54
[2014-07-24 13:28:32] EDIT finance/controllers/default.py: 0
[2014-07-24 13:29:29] EDIT finance/views/layout.html: 1
[2014-07-24 13:38:28] EDIT finance/controllers/default.py: 4
[2014-07-24 13:46:52] EDIT finance/controllers/default.py: 0
[2014-07-24 13:47:13] EDIT finance/controllers/default.py: 0
[2014-07-24 13:47:32] EDIT finance/controllers/default.py: 0
[2014-07-24 13:50:56] CREATE default/stats.json: 0
[2014-07-24 13:53:04] EDIT finance/views/default/stats.json: 0
[2014-07-24 13:53:26] EDIT finance/controllers/default.py: 0
[2014-07-24 14:34:51] EDIT finance/views/default/stats.json: 0
[2014-07-24 16:03:08] EDIT finance/views/default/index.html: 66
[2014-07-24 16:04:40] EDIT finance/views/default/index.html: 0
[2014-07-24 16:05:28] EDIT finance/views/default/index.html: 0
[2014-07-24 16:06:28] EDIT finance/views/default/index.html: 0
[2014-07-24 16:06:54] EDIT finance/views/default/index.html: 0
[2014-07-24 16:08:50] EDIT finance/views/default/index.html: 1
[2014-07-24 16:11:47] EDIT finance/views/default/index.html: 25
[2014-07-24 16:12:11] EDIT finance/views/default/index.html: -1
[2014-07-24 16:12:34] EDIT finance/views/default/index.html: 1
[2014-07-24 16:15:46] EDIT finance/views/default/index.html: 0
[2014-07-24 16:16:35] EDIT finance/views/default/index.html: 0
[2014-07-24 16:17:40] EDIT finance/views/default/index.html: 0
[2014-07-24 16:18:51] EDIT finance/views/default/index.html: -2
[2014-07-24 16:20:53] EDIT finance/views/default/index.html: 0
[2014-07-24 16:23:44] EDIT finance/views/default/index.html: -19
[2014-07-24 16:24:36] EDIT finance/views/default/index.html: -2
[2014-07-24 16:28:23] EDIT finance/views/default/index.html: 2
[2014-07-24 16:29:03] EDIT finance/views/default/index.html: 0
[2014-07-24 16:31:41] EDIT finance/views/default/index.html: -45
[2014-07-24 17:02:39] EDIT finance/views/default/index.html: 42
[2014-07-24 17:05:33] EDIT finance/views/default/index.html: 5
[2014-07-24 17:09:00] EDIT finance/views/default/index.html: -2
[2014-07-24 17:10:10] EDIT finance/views/default/index.html: 0
[2014-07-24 17:10:21] EDIT finance/views/default/index.html: 1
[2014-07-24 17:10:56] EDIT finance/views/default/index.html: 0
[2014-07-24 17:12:27] EDIT finance/views/default/index.html: 1
[2014-07-24 17:16:05] EDIT finance/views/default/index.html: -6
[2014-07-24 17:16:47] EDIT finance/views/default/index.html: 0
[2014-07-24 17:18:32] EDIT finance/views/default/index.html: 3
[2014-07-24 17:37:00] EDIT finance/views/default/index.html: -1
[2014-07-24 17:37:18] EDIT finance/views/default/index.html: 0
[2014-07-24 17:37:38] EDIT finance/views/default/index.html: 0
[2014-07-24 17:39:53] EDIT finance/views/default/index.html: -1
[2014-07-24 17:45:48] EDIT finance/views/default/index.html: 2
